<?xml version="1.0" encoding="UTF-8"?>
<testng-results ignored="0" total="13" passed="12" failed="1" skipped="0">
  <reporter-output>
  </reporter-output>
  <suite started-at="2022-11-15T16:08:50 IST" name="Anglo Regression Suite" finished-at="2022-11-15T16:10:19 IST" duration-ms="89049">
    <groups>
      <group name="To Verify Footer Links ">
        <method signature="Footerlinks.VerifyOur_websites_Footerlinks()[pri:0, instance:com.anglo.Footerlinks@4b8ee4de]" name="VerifyOur_websites_Footerlinks" class="com.anglo.Footerlinks"/>
        <method signature="Footerlinks.VerifySocialIcons_Footerlinks()[pri:0, instance:com.anglo.Footerlinks@4b8ee4de]" name="VerifySocialIcons_Footerlinks" class="com.anglo.Footerlinks"/>
        <method signature="Footerlinks.VerifyWebsiteSpeciific_Footerlinks()[pri:0, instance:com.anglo.Footerlinks@4b8ee4de]" name="VerifyWebsiteSpeciific_Footerlinks" class="com.anglo.Footerlinks"/>
      </group> <!-- To Verify Footer Links  -->
      <group name="To Verify Back to Top Functionality ">
        <method signature="BackToTop.Verify_BackToTop_present()[pri:0, instance:com.anglo.BackToTop@4b45a2f5]" name="Verify_BackToTop_present" class="com.anglo.BackToTop"/>
      </group> <!-- To Verify Back to Top Functionality  -->
      <group name="To Verify Search Page ">
        <method signature="SearchPage.Verify_DummyText_input()[pri:0, instance:com.anglo.SearchPage@38cee291]" name="Verify_DummyText_input" class="com.anglo.SearchPage"/>
        <method signature="SearchPage.Verify_ShareFunctionality()[pri:0, instance:com.anglo.SearchPage@38cee291]" name="Verify_ShareFunctionality" class="com.anglo.SearchPage"/>
        <method signature="SearchPage.Verify_UnknownText_input()[pri:0, instance:com.anglo.SearchPage@38cee291]" name="Verify_UnknownText_input" class="com.anglo.SearchPage"/>
      </group> <!-- To Verify Search Page  -->
      <group name="To Verify Page Not Found Page ">
        <method signature="PageNotFound.VerifyPageTitle()[pri:1, instance:com.anglo.PageNotFound@f09733f]" name="VerifyPageTitle" class="com.anglo.PageNotFound"/>
        <method signature="PageNotFound.VerifyCompanyName()[pri:2, instance:com.anglo.PageNotFound@f09733f]" name="VerifyCompanyName" class="com.anglo.PageNotFound"/>
        <method signature="PageNotFound.Verify_Homepagelink()[pri:3, instance:com.anglo.PageNotFound@f09733f]" name="Verify_Homepagelink" class="com.anglo.PageNotFound"/>
        <method signature="PageNotFound.Verify_Sitemaplink()[pri:4, instance:com.anglo.PageNotFound@f09733f]" name="Verify_Sitemaplink" class="com.anglo.PageNotFound"/>
        <method signature="PageNotFound.Verify_PageTimer()[pri:5, instance:com.anglo.PageNotFound@f09733f]" name="Verify_PageTimer" class="com.anglo.PageNotFound"/>
      </group> <!-- To Verify Page Not Found Page  -->
      <group name="To Verify Header Links ">
        <method signature="HeaderLinks.Verify_Main_Headerlinks()[pri:0, instance:com.anglo.HeaderLinks@e350b40]" name="Verify_Main_Headerlinks" class="com.anglo.HeaderLinks"/>
      </group> <!-- To Verify Header Links  -->
    </groups>
    <test started-at="2022-11-15T16:08:50 IST" name="Anglo Regression Test" finished-at="2022-11-15T16:10:19 IST" duration-ms="89049">
      <class name="com.anglo.BackToTop">
        <test-method is-config="true" signature="setup()[pri:0, instance:com.anglo.BackToTop@4b45a2f5]" started-at="2022-11-15T16:09:38 IST" name="setup" finished-at="2022-11-15T16:09:40 IST" duration-ms="1756" status="PASS">
          <reporter-output>
          </reporter-output>
        </test-method> <!-- setup -->
        <test-method signature="Verify_BackToTop_present()[pri:0, instance:com.anglo.BackToTop@4b45a2f5]" started-at="2022-11-15T16:09:40 IST" name="Verify_BackToTop_present" finished-at="2022-11-15T16:09:47 IST" duration-ms="7267" status="PASS">
          <reporter-output>
          </reporter-output>
        </test-method> <!-- Verify_BackToTop_present -->
        <test-method is-config="true" signature="teardown()[pri:0, instance:com.anglo.BackToTop@4b45a2f5]" started-at="2022-11-15T16:09:47 IST" name="teardown" finished-at="2022-11-15T16:09:48 IST" duration-ms="472" status="PASS">
          <reporter-output>
          </reporter-output>
        </test-method> <!-- teardown -->
      </class> <!-- com.anglo.BackToTop -->
      <class name="com.anglo.Footerlinks">
        <test-method is-config="true" signature="setup()[pri:0, instance:com.anglo.Footerlinks@4b8ee4de]" started-at="2022-11-15T16:08:50 IST" name="setup" finished-at="2022-11-15T16:08:53 IST" duration-ms="3238" status="PASS">
          <reporter-output>
          </reporter-output>
        </test-method> <!-- setup -->
        <test-method signature="VerifyOur_websites_Footerlinks()[pri:0, instance:com.anglo.Footerlinks@4b8ee4de]" started-at="2022-11-15T16:08:53 IST" name="VerifyOur_websites_Footerlinks" finished-at="2022-11-15T16:08:58 IST" duration-ms="5523" status="PASS">
          <reporter-output>
          </reporter-output>
        </test-method> <!-- VerifyOur_websites_Footerlinks -->
        <test-method is-config="true" signature="teardown()[pri:0, instance:com.anglo.Footerlinks@4b8ee4de]" started-at="2022-11-15T16:08:58 IST" name="teardown" finished-at="2022-11-15T16:08:59 IST" duration-ms="297" status="PASS">
          <reporter-output>
          </reporter-output>
        </test-method> <!-- teardown -->
        <test-method is-config="true" signature="setup()[pri:0, instance:com.anglo.Footerlinks@4b8ee4de]" started-at="2022-11-15T16:08:59 IST" name="setup" finished-at="2022-11-15T16:09:00 IST" duration-ms="1391" status="PASS">
          <reporter-output>
          </reporter-output>
        </test-method> <!-- setup -->
        <test-method signature="VerifySocialIcons_Footerlinks()[pri:0, instance:com.anglo.Footerlinks@4b8ee4de]" started-at="2022-11-15T16:09:00 IST" name="VerifySocialIcons_Footerlinks" finished-at="2022-11-15T16:09:04 IST" duration-ms="4181" status="PASS">
          <reporter-output>
          </reporter-output>
        </test-method> <!-- VerifySocialIcons_Footerlinks -->
        <test-method is-config="true" signature="teardown()[pri:0, instance:com.anglo.Footerlinks@4b8ee4de]" started-at="2022-11-15T16:09:04 IST" name="teardown" finished-at="2022-11-15T16:09:05 IST" duration-ms="300" status="PASS">
          <reporter-output>
          </reporter-output>
        </test-method> <!-- teardown -->
        <test-method is-config="true" signature="setup()[pri:0, instance:com.anglo.Footerlinks@4b8ee4de]" started-at="2022-11-15T16:09:05 IST" name="setup" finished-at="2022-11-15T16:09:06 IST" duration-ms="1342" status="PASS">
          <reporter-output>
          </reporter-output>
        </test-method> <!-- setup -->
        <test-method signature="VerifyWebsiteSpeciific_Footerlinks()[pri:0, instance:com.anglo.Footerlinks@4b8ee4de]" started-at="2022-11-15T16:09:06 IST" name="VerifyWebsiteSpeciific_Footerlinks" finished-at="2022-11-15T16:09:10 IST" duration-ms="4042" status="PASS">
          <reporter-output>
          </reporter-output>
        </test-method> <!-- VerifyWebsiteSpeciific_Footerlinks -->
        <test-method is-config="true" signature="teardown()[pri:0, instance:com.anglo.Footerlinks@4b8ee4de]" started-at="2022-11-15T16:09:10 IST" name="teardown" finished-at="2022-11-15T16:09:10 IST" duration-ms="274" status="PASS">
          <reporter-output>
          </reporter-output>
        </test-method> <!-- teardown -->
      </class> <!-- com.anglo.Footerlinks -->
      <class name="com.anglo.SearchPage">
        <test-method is-config="true" signature="setup()[pri:0, instance:com.anglo.SearchPage@38cee291]" started-at="2022-11-15T16:09:10 IST" name="setup" finished-at="2022-11-15T16:09:12 IST" duration-ms="1342" status="PASS">
          <reporter-output>
          </reporter-output>
        </test-method> <!-- setup -->
        <test-method signature="Verify_DummyText_input()[pri:0, instance:com.anglo.SearchPage@38cee291]" started-at="2022-11-15T16:09:12 IST" name="Verify_DummyText_input" finished-at="2022-11-15T16:09:21 IST" duration-ms="9800" status="FAIL">
          <exception class="java.lang.AssertionError">
            <message>
              <![CDATA[Text  found! expected [false] but found [true]]]>
            </message>
            <full-stacktrace>
              <![CDATA[java.lang.AssertionError: Text  found! expected [false] but found [true]
at org.testng.Assert.fail(Assert.java:110)
at org.testng.Assert.failNotEquals(Assert.java:1413)
at org.testng.Assert.assertFalse(Assert.java:78)
at com.anglo.SearchPage.Verify_DummyText_input(SearchPage.java:56)
at java.base/jdk.internal.reflect.NativeMethodAccessorImpl.invoke0(Native Method)
at java.base/jdk.internal.reflect.NativeMethodAccessorImpl.invoke(NativeMethodAccessorImpl.java:77)
at java.base/jdk.internal.reflect.DelegatingMethodAccessorImpl.invoke(DelegatingMethodAccessorImpl.java:43)
at java.base/java.lang.reflect.Method.invoke(Method.java:568)
at org.testng.internal.invokers.MethodInvocationHelper.invokeMethod(MethodInvocationHelper.java:139)
at org.testng.internal.invokers.TestInvoker.invokeMethod(TestInvoker.java:677)
at org.testng.internal.invokers.TestInvoker.invokeTestMethod(TestInvoker.java:221)
at org.testng.internal.invokers.MethodRunner.runInSequence(MethodRunner.java:50)
at org.testng.internal.invokers.TestInvoker$MethodInvocationAgent.invoke(TestInvoker.java:962)
at org.testng.internal.invokers.TestInvoker.invokeTestMethods(TestInvoker.java:194)
at org.testng.internal.invokers.TestMethodWorker.invokeTestMethods(TestMethodWorker.java:148)
at org.testng.internal.invokers.TestMethodWorker.run(TestMethodWorker.java:128)
at java.base/java.util.ArrayList.forEach(ArrayList.java:1511)
at org.testng.TestRunner.privateRun(TestRunner.java:806)
at org.testng.TestRunner.run(TestRunner.java:601)
at org.testng.SuiteRunner.runTest(SuiteRunner.java:433)
at org.testng.SuiteRunner.runSequentially(SuiteRunner.java:427)
at org.testng.SuiteRunner.privateRun(SuiteRunner.java:387)
at org.testng.SuiteRunner.run(SuiteRunner.java:330)
at org.testng.SuiteRunnerWorker.runSuite(SuiteRunnerWorker.java:52)
at org.testng.SuiteRunnerWorker.run(SuiteRunnerWorker.java:95)
at org.testng.TestNG.runSuitesSequentially(TestNG.java:1256)
at org.testng.TestNG.runSuitesLocally(TestNG.java:1176)
at org.testng.TestNG.runSuites(TestNG.java:1099)
at org.testng.TestNG.run(TestNG.java:1067)
at org.testng.remote.AbstractRemoteTestNG.run(AbstractRemoteTestNG.java:115)
at org.testng.remote.RemoteTestNG.initAndRun(RemoteTestNG.java:251)
at org.testng.remote.RemoteTestNG.main(RemoteTestNG.java:77)
]]>
            </full-stacktrace>
          </exception> <!-- java.lang.AssertionError -->
          <reporter-output>
          </reporter-output>
        </test-method> <!-- Verify_DummyText_input -->
        <test-method is-config="true" signature="teardown()[pri:0, instance:com.anglo.SearchPage@38cee291]" started-at="2022-11-15T16:09:21 IST" name="teardown" finished-at="2022-11-15T16:09:22 IST" duration-ms="277" status="PASS">
          <reporter-output>
          </reporter-output>
        </test-method> <!-- teardown -->
        <test-method is-config="true" signature="setup()[pri:0, instance:com.anglo.SearchPage@38cee291]" started-at="2022-11-15T16:09:22 IST" name="setup" finished-at="2022-11-15T16:09:23 IST" duration-ms="1324" status="PASS">
          <reporter-output>
          </reporter-output>
        </test-method> <!-- setup -->
        <test-method signature="Verify_ShareFunctionality()[pri:0, instance:com.anglo.SearchPage@38cee291]" started-at="2022-11-15T16:09:23 IST" name="Verify_ShareFunctionality" finished-at="2022-11-15T16:09:26 IST" duration-ms="3012" status="PASS">
          <reporter-output>
          </reporter-output>
        </test-method> <!-- Verify_ShareFunctionality -->
        <test-method is-config="true" signature="teardown()[pri:0, instance:com.anglo.SearchPage@38cee291]" started-at="2022-11-15T16:09:26 IST" name="teardown" finished-at="2022-11-15T16:09:26 IST" duration-ms="244" status="PASS">
          <reporter-output>
          </reporter-output>
        </test-method> <!-- teardown -->
        <test-method is-config="true" signature="setup()[pri:0, instance:com.anglo.SearchPage@38cee291]" started-at="2022-11-15T16:09:26 IST" name="setup" finished-at="2022-11-15T16:09:28 IST" duration-ms="1568" status="PASS">
          <reporter-output>
          </reporter-output>
        </test-method> <!-- setup -->
        <test-method signature="Verify_UnknownText_input()[pri:0, instance:com.anglo.SearchPage@38cee291]" started-at="2022-11-15T16:09:28 IST" name="Verify_UnknownText_input" finished-at="2022-11-15T16:09:38 IST" duration-ms="10396" status="PASS">
          <reporter-output>
          </reporter-output>
        </test-method> <!-- Verify_UnknownText_input -->
        <test-method is-config="true" signature="teardown()[pri:0, instance:com.anglo.SearchPage@38cee291]" started-at="2022-11-15T16:09:38 IST" name="teardown" finished-at="2022-11-15T16:09:38 IST" duration-ms="266" status="PASS">
          <reporter-output>
          </reporter-output>
        </test-method> <!-- teardown -->
      </class> <!-- com.anglo.SearchPage -->
      <class name="com.anglo.PageNotFound">
        <test-method is-config="true" signature="setup()[pri:0, instance:com.anglo.PageNotFound@f09733f]" started-at="2022-11-15T16:09:48 IST" name="setup" finished-at="2022-11-15T16:09:49 IST" duration-ms="1403" status="PASS">
          <reporter-output>
          </reporter-output>
        </test-method> <!-- setup -->
        <test-method signature="VerifyPageTitle()[pri:1, instance:com.anglo.PageNotFound@f09733f]" started-at="2022-11-15T16:09:49 IST" name="VerifyPageTitle" finished-at="2022-11-15T16:09:52 IST" duration-ms="2683" status="PASS">
          <reporter-output>
          </reporter-output>
        </test-method> <!-- VerifyPageTitle -->
        <test-method is-config="true" signature="teardown()[pri:0, instance:com.anglo.PageNotFound@f09733f]" started-at="2022-11-15T16:09:52 IST" name="teardown" finished-at="2022-11-15T16:09:52 IST" duration-ms="242" status="PASS">
          <reporter-output>
          </reporter-output>
        </test-method> <!-- teardown -->
        <test-method is-config="true" signature="setup()[pri:0, instance:com.anglo.PageNotFound@f09733f]" started-at="2022-11-15T16:09:52 IST" name="setup" finished-at="2022-11-15T16:09:54 IST" duration-ms="1351" status="PASS">
          <reporter-output>
          </reporter-output>
        </test-method> <!-- setup -->
        <test-method signature="VerifyCompanyName()[pri:2, instance:com.anglo.PageNotFound@f09733f]" started-at="2022-11-15T16:09:54 IST" name="VerifyCompanyName" finished-at="2022-11-15T16:09:56 IST" duration-ms="2685" status="PASS">
          <reporter-output>
          </reporter-output>
        </test-method> <!-- VerifyCompanyName -->
        <test-method is-config="true" signature="teardown()[pri:0, instance:com.anglo.PageNotFound@f09733f]" started-at="2022-11-15T16:09:56 IST" name="teardown" finished-at="2022-11-15T16:09:57 IST" duration-ms="251" status="PASS">
          <reporter-output>
          </reporter-output>
        </test-method> <!-- teardown -->
        <test-method is-config="true" signature="setup()[pri:0, instance:com.anglo.PageNotFound@f09733f]" started-at="2022-11-15T16:09:57 IST" name="setup" finished-at="2022-11-15T16:09:58 IST" duration-ms="1397" status="PASS">
          <reporter-output>
          </reporter-output>
        </test-method> <!-- setup -->
        <test-method signature="Verify_Homepagelink()[pri:3, instance:com.anglo.PageNotFound@f09733f]" started-at="2022-11-15T16:09:58 IST" name="Verify_Homepagelink" finished-at="2022-11-15T16:10:01 IST" duration-ms="3278" status="PASS">
          <reporter-output>
          </reporter-output>
        </test-method> <!-- Verify_Homepagelink -->
        <test-method is-config="true" signature="teardown()[pri:0, instance:com.anglo.PageNotFound@f09733f]" started-at="2022-11-15T16:10:01 IST" name="teardown" finished-at="2022-11-15T16:10:02 IST" duration-ms="251" status="PASS">
          <reporter-output>
          </reporter-output>
        </test-method> <!-- teardown -->
        <test-method is-config="true" signature="setup()[pri:0, instance:com.anglo.PageNotFound@f09733f]" started-at="2022-11-15T16:10:02 IST" name="setup" finished-at="2022-11-15T16:10:03 IST" duration-ms="1321" status="PASS">
          <reporter-output>
          </reporter-output>
        </test-method> <!-- setup -->
        <test-method signature="Verify_Sitemaplink()[pri:4, instance:com.anglo.PageNotFound@f09733f]" started-at="2022-11-15T16:10:03 IST" name="Verify_Sitemaplink" finished-at="2022-11-15T16:10:05 IST" duration-ms="2629" status="PASS">
          <reporter-output>
          </reporter-output>
        </test-method> <!-- Verify_Sitemaplink -->
        <test-method is-config="true" signature="teardown()[pri:0, instance:com.anglo.PageNotFound@f09733f]" started-at="2022-11-15T16:10:05 IST" name="teardown" finished-at="2022-11-15T16:10:06 IST" duration-ms="253" status="PASS">
          <reporter-output>
          </reporter-output>
        </test-method> <!-- teardown -->
        <test-method is-config="true" signature="setup()[pri:0, instance:com.anglo.PageNotFound@f09733f]" started-at="2022-11-15T16:10:06 IST" name="setup" finished-at="2022-11-15T16:10:07 IST" duration-ms="1339" status="PASS">
          <reporter-output>
          </reporter-output>
        </test-method> <!-- setup -->
        <test-method signature="Verify_PageTimer()[pri:5, instance:com.anglo.PageNotFound@f09733f]" started-at="2022-11-15T16:10:07 IST" name="Verify_PageTimer" finished-at="2022-11-15T16:10:10 IST" duration-ms="2625" status="PASS">
          <reporter-output>
          </reporter-output>
        </test-method> <!-- Verify_PageTimer -->
        <test-method is-config="true" signature="teardown()[pri:0, instance:com.anglo.PageNotFound@f09733f]" started-at="2022-11-15T16:10:10 IST" name="teardown" finished-at="2022-11-15T16:10:10 IST" duration-ms="238" status="PASS">
          <reporter-output>
          </reporter-output>
        </test-method> <!-- teardown -->
      </class> <!-- com.anglo.PageNotFound -->
      <class name="com.anglo.HeaderLinks">
        <test-method is-config="true" signature="setup()[pri:0, instance:com.anglo.HeaderLinks@e350b40]" started-at="2022-11-15T16:10:10 IST" name="setup" finished-at="2022-11-15T16:10:11 IST" duration-ms="1372" status="PASS">
          <reporter-output>
          </reporter-output>
        </test-method> <!-- setup -->
        <test-method signature="Verify_Main_Headerlinks()[pri:0, instance:com.anglo.HeaderLinks@e350b40]" started-at="2022-11-15T16:10:11 IST" name="Verify_Main_Headerlinks" finished-at="2022-11-15T16:10:18 IST" duration-ms="6983" status="PASS">
          <reporter-output>
          </reporter-output>
        </test-method> <!-- Verify_Main_Headerlinks -->
        <test-method is-config="true" signature="teardown()[pri:0, instance:com.anglo.HeaderLinks@e350b40]" started-at="2022-11-15T16:10:18 IST" name="teardown" finished-at="2022-11-15T16:10:19 IST" duration-ms="319" status="PASS">
          <reporter-output>
          </reporter-output>
        </test-method> <!-- teardown -->
      </class> <!-- com.anglo.HeaderLinks -->
    </test> <!-- Anglo Regression Test -->
  </suite> <!-- Anglo Regression Suite -->
</testng-results>
