<?xml version="1.0" encoding="UTF-8"?>
<!-- Generated by org.testng.reporters.JUnitXMLReporter -->
<testsuite ignored="0" hostname="Arche-ITL476" failures="1" tests="20" name="Regression Test" time="235.959" errors="0" timestamp="2022-11-16T14:32:06 IST">
  <testcase classname="com.anglo.CountryDropdown" name="Verify_CountryDropdown_present" time="0.226"/>
  <testcase classname="com.anglo.CountryDropdown" name="Verify_CountryDropdown_CountryList" time="0.604"/>
  <testcase classname="com.anglo.Footerlinks" name="VerifyOur_websites_Footerlinks" time="4.148"/>
  <testcase classname="com.anglo.Footerlinks" name="VerifySocialIcons_Footerlinks" time="4.029"/>
  <testcase classname="com.anglo.Footerlinks" name="VerifyWebsiteSpeciific_Footerlinks" time="4.009"/>
  <testcase classname="com.anglo.SearchPage" name="Verify_DummyText_input" time="10.315">
    <failure type="java.lang.AssertionError" message="Text  found! expected [false] but found [true]">
      <![CDATA[java.lang.AssertionError: Text  found! expected [false] but found [true]
at com.anglo.SearchPage.Verify_DummyText_input(SearchPage.java:56)
at java.base/java.util.ArrayList.forEach(ArrayList.java:1511)
... Removed 30 stack frames]]>
    </failure>
  </testcase> <!-- Verify_DummyText_input -->
  <testcase classname="com.anglo.SearchPage" name="Verify_ShareFunctionality" time="2.86"/>
  <testcase classname="com.anglo.SearchPage" name="Verify_UnknownText_input" time="10.942"/>
  <testcase classname="com.anglo.BackToTop" name="Verify_BackToTop_present" time="6.85"/>
  <testcase classname="com.anglo.PageNotFound" name="VerifyPageTitle" time="2.833"/>
  <testcase classname="com.anglo.PageNotFound" name="VerifyCompanyName" time="2.764"/>
  <testcase classname="com.anglo.PageNotFound" name="Verify_Homepagelink" time="2.957"/>
  <testcase classname="com.anglo.PageNotFound" name="Verify_Sitemaplink" time="2.612"/>
  <testcase classname="com.anglo.PageNotFound" name="Verify_PageTimer" time="2.677"/>
  <testcase classname="com.anglo.MainNav" name="VerifyAboutUs_Headerlinks" time="15.076"/>
  <testcase classname="com.anglo.MainNav" name="VerifyProducts_Headerlinks" time="11.8"/>
  <testcase classname="com.anglo.MainNav" name="VerifySustainability_Headerlinks" time="23.704"/>
  <testcase classname="com.anglo.MainNav" name="VerifyFuturesmart_Headerlinks" time="10.053"/>
  <testcase classname="com.anglo.MainNav" name="VerifyInvestors_Headerlinks" time="48.329"/>
  <testcase classname="com.anglo.MainNav" name="VerifyCareers_Headerlinks" time="25.861"/>
</testsuite> <!-- Regression Test -->
